<?xml version="1.0" encoding="utf-8" standalone="no"?>
<!--This file represents the results of running a test suite-->
<test-results name="D:\Dev\SampleSolution\SampleProjectTest\bin\Debug\SampleProjectTest.dll" total="3" errors="0" failures="0" not-run="0" inconclusive="0" ignored="0" skipped="0" invalid="0" date="2017-01-13" time="15:19:13">
  <environment nunit-version="2.6.3.13283" clr-version="2.0.50727.8745" os-version="Microsoft Windows NT 6.2.9200.0" platform="Win32NT" cwd="D:\Dev\SampleSolution\OpenCover\3e5391d8-2abf-48e5-9fdc-bcb4dde3f362" machine-name="VAIO" user="k_morimoto" user-domain="VAIO" />
  <culture-info current-culture="ja-JP" current-uiculture="ja-JP" />
  <test-suite type="Assembly" name="D:\Dev\SampleSolution\SampleProjectTest\bin\Debug\SampleProjectTest.dll" executed="True" result="Success" success="True" time="1.974" asserts="0">
    <results>
      <test-suite type="Namespace" name="SampleProjectTest" executed="True" result="Success" success="True" time="1.927" asserts="0">
        <results>
          <test-suite type="TestFixture" name="SampleFormTest" executed="True" result="Success" success="True" time="1.921" asserts="0">
            <results>
              <test-case name="SampleProjectTest.SampleFormTest.テストケース01" executed="True" result="Success" success="True" time="0.145" asserts="1" />
              <test-case name="SampleProjectTest.SampleFormTest.テストケース02" executed="True" result="Success" success="True" time="0.002" asserts="1" />
              <test-case name="SampleProjectTest.SampleFormTest.テストケース03" executed="True" result="Success" success="True" time="0.002" asserts="0" />
            </results>
          </test-suite>
        </results>
      </test-suite>
    </results>
  </test-suite>
</test-results>